<?xml version="1.0" encoding="UTF-8"?>
<!-- Generated by org.testng.reporters.JUnitXMLReporter -->
<testsuite hostname="Mani-PC" name="Default test" tests="2" failures="1" timestamp="18 Sep 2018 18:02:04 GMT" time="100.7" errors="0">
  <testcase name="loginLogOut" time="28.369" classname="testcases.TC003_ClickBySFRAlink">
    <failure type="java.lang.StackOverflowError">
      <![CDATA[java.lang.StackOverflowError
	at java.security.AccessController.doPrivileged(Native Method)
	at java.net.URLClassLoader.findClass(Unknown Source)
	at java.lang.ClassLoader.loadClass(Unknown Source)
	at java.lang.ClassLoader.loadClass(Unknown Source)
	at sun.misc.Launcher$AppClassLoader.loadClass(Unknown Source)
	at java.lang.ClassLoader.loadClass(Unknown Source)
	at org.openqa.selenium.remote.service.DriverCommandExecutor.execute(DriverCommandExecutor.java:84)
	at org.openqa.selenium.remote.RemoteWebDriver.execute(RemoteWebDriver.java:637)
	at org.openqa.selenium.remote.RemoteWebDriver.execute(RemoteWebDriver.java:694)
	at org.openqa.selenium.remote.RemoteWebDriver.getScreenshotAs(RemoteWebDriver.java:382)
	at wrappers.GenericWrappers.takeSnap(GenericWrappers.java:577)
	at utils.Reporter.reportStep(Reporter.java:20)
	at utils.Reporter.reportStep(Reporter.java:43)
	at wrappers.GenericWrappers.takeSnap(GenericWrappers.java:579)
	at utils.Reporter.reportStep(Reporter.java:20)
	at utils.Reporter.reportStep(Reporter.java:43)
	at wrappers.GenericWrappers.takeSnap(GenericWrappers.java:579)
	at utils.Reporter.reportStep(Reporter.java:20)
	at utils.Reporter.reportStep(Reporter.java:43)
	at wrappers.GenericWrappers.takeSnap(GenericWrappers.java:579)
	at utils.Reporter.reportStep(Reporter.java:20)
	at utils.Reporter.reportStep(Reporter.java:43)
	at wrappers.GenericWrappers.takeSnap(GenericWrappers.java:579)
	at utils.Reporter.reportStep(Reporter.java:20)
	at utils.Reporter.reportStep(Reporter.java:43)
	at wrappers.GenericWrappers.takeSnap(GenericWrappers.java:579)
	at utils.Reporter.reportStep(Reporter.java:20)
	at utils.Reporter.reportStep(Reporter.java:43)
	at wrappers.GenericWrappers.takeSnap(GenericWrappers.java:579)
	at utils.Reporter.reportStep(Reporter.java:20)
	at utils.Reporter.reportStep(Reporter.java:43)
	at wrappers.GenericWrappers.takeSnap(GenericWrappers.java:579)
	at utils.Reporter.reportStep(Reporter.java:20)
	at utils.Reporter.reportStep(Reporter.java:43)
	at wrappers.GenericWrappers.takeSnap(GenericWrappers.java:579)
	at utils.Reporter.reportStep(Reporter.java:20)
	at utils.Reporter.reportStep(Reporter.java:43)
	at wrappers.GenericWrappers.takeSnap(GenericWrappers.java:579)
	at utils.Reporter.reportStep(Reporter.java:20)
	at utils.Reporter.reportStep(Reporter.java:43)
	at wrappers.GenericWrappers.takeSnap(GenericWrappers.java:579)
	at utils.Reporter.reportStep(Reporter.java:20)
	at utils.Reporter.reportStep(Reporter.java:43)
	at wrappers.GenericWrappers.takeSnap(GenericWrappers.java:579)
	at utils.Reporter.reportStep(Reporter.java:20)
	at utils.Reporter.reportStep(Reporter.java:43)
	at wrappers.GenericWrappers.takeSnap(GenericWrappers.java:579)
	at utils.Reporter.reportStep(Reporter.java:20)
	at utils.Reporter.reportStep(Reporter.java:43)
	at wrappers.GenericWrappers.takeSnap(GenericWrappers.java:579)
	at utils.Reporter.reportStep(Reporter.java:20)
	at utils.Reporter.reportStep(Reporter.java:43)
	at wrappers.GenericWrappers.takeSnap(GenericWrappers.java:579)
	at utils.Reporter.reportStep(Reporter.java:20)
	at utils.Reporter.reportStep(Reporter.java:43)
	at wrappers.GenericWrappers.takeSnap(GenericWrappers.java:579)
	at utils.Reporter.reportStep(Reporter.java:20)
	at utils.Reporter.reportStep(Reporter.java:43)
	at wrappers.GenericWrappers.takeSnap(GenericWrappers.java:579)
	at utils.Reporter.reportStep(Reporter.java:20)
	at utils.Reporter.reportStep(Reporter.java:43)
	at wrappers.GenericWrappers.takeSnap(GenericWrappers.java:579)
	at utils.Reporter.reportStep(Reporter.java:20)
	at utils.Reporter.reportStep(Reporter.java:43)
	at wrappers.GenericWrappers.takeSnap(GenericWrappers.java:579)
	at utils.Reporter.reportStep(Reporter.java:20)
	at utils.Reporter.reportStep(Reporter.java:43)
	at wrappers.GenericWrappers.takeSnap(GenericWrappers.java:579)
	at utils.Reporter.reportStep(Reporter.java:20)
	at utils.Reporter.reportStep(Reporter.java:43)
	at wrappers.GenericWrappers.takeSnap(GenericWrappers.java:579)
	at utils.Reporter.reportStep(Reporter.java:20)
	at utils.Reporter.reportStep(Reporter.java:43)
	at wrappers.GenericWrappers.takeSnap(GenericWrappers.java:579)
	at utils.Reporter.reportStep(Reporter.java:20)
	at utils.Reporter.reportStep(Reporter.java:43)
	at wrappers.GenericWrappers.takeSnap(GenericWrappers.java:579)
	at utils.Reporter.reportStep(Reporter.java:20)
	at utils.Reporter.reportStep(Reporter.java:43)
	at wrappers.GenericWrappers.takeSnap(GenericWrappers.java:579)
	at utils.Reporter.reportStep(Reporter.java:20)
	at utils.Reporter.reportStep(Reporter.java:43)
	at wrappers.GenericWrappers.takeSnap(GenericWrappers.java:579)
	at utils.Reporter.reportStep(Reporter.java:20)
	at utils.Reporter.reportStep(Reporter.java:43)
	at wrappers.GenericWrappers.takeSnap(GenericWrappers.java:579)
	at utils.Reporter.reportStep(Reporter.java:20)
	at utils.Reporter.reportStep(Reporter.java:43)
	at wrappers.GenericWrappers.takeSnap(GenericWrappers.java:579)
	at utils.Reporter.reportStep(Reporter.java:20)
	at utils.Reporter.reportStep(Reporter.java:43)
	at wrappers.GenericWrappers.takeSnap(GenericWrappers.java:579)
	at utils.Reporter.reportStep(Reporter.java:20)
	at utils.Reporter.reportStep(Reporter.java:43)
	at wrappers.GenericWrappers.takeSnap(GenericWrappers.java:579)
	at utils.Reporter.reportStep(Reporter.java:20)
	at utils.Reporter.reportStep(Reporter.java:43)
	at wrappers.GenericWrappers.takeSnap(GenericWrappers.java:579)
	at utils.Reporter.reportStep(Reporter.java:20)
	at utils.Reporter.reportStep(Reporter.java:43)
	at wrappers.GenericWrappers.takeSnap(GenericWrappers.java:579)
	at utils.Reporter.reportStep(Reporter.java:20)
	at utils.Reporter.reportStep(Reporter.java:43)
	at wrappers.GenericWrappers.takeSnap(GenericWrappers.java:579)
	at utils.Reporter.reportStep(Reporter.java:20)
	at utils.Reporter.reportStep(Reporter.java:43)
	at wrappers.GenericWrappers.takeSnap(GenericWrappers.java:579)
	at utils.Reporter.reportStep(Reporter.java:20)
	at utils.Reporter.reportStep(Reporter.java:43)
	at wrappers.GenericWrappers.takeSnap(GenericWrappers.java:579)
	at utils.Reporter.reportStep(Reporter.java:20)
	at utils.Reporter.reportStep(Reporter.java:43)
	at wrappers.GenericWrappers.takeSnap(GenericWrappers.java:579)
	at utils.Reporter.reportStep(Reporter.java:20)
	at utils.Reporter.reportStep(Reporter.java:43)
	at wrappers.GenericWrappers.takeSnap(GenericWrappers.java:579)
	at utils.Reporter.reportStep(Reporter.java:20)
	at utils.Reporter.reportStep(Reporter.java:43)
	at wrappers.GenericWrappers.takeSnap(GenericWrappers.java:579)
	at utils.Reporter.reportStep(Reporter.java:20)
	at utils.Reporter.reportStep(Reporter.java:43)
	at wrappers.GenericWrappers.takeSnap(GenericWrappers.java:579)
	at utils.Reporter.reportStep(Reporter.java:20)
	at utils.Reporter.reportStep(Reporter.java:43)
	at wrappers.GenericWrappers.takeSnap(GenericWrappers.java:579)
	at utils.Reporter.reportStep(Reporter.java:20)
	at utils.Reporter.reportStep(Reporter.java:43)
	at wrappers.GenericWrappers.takeSnap(GenericWrappers.java:579)
	at utils.Reporter.reportStep(Reporter.java:20)
	at utils.Reporter.reportStep(Reporter.java:43)
	at wrappers.GenericWrappers.takeSnap(GenericWrappers.java:579)
	at utils.Reporter.reportStep(Reporter.java:20)
	at utils.Reporter.reportStep(Reporter.java:43)
	at wrappers.GenericWrappers.takeSnap(GenericWrappers.java:579)
	at utils.Reporter.reportStep(Reporter.java:20)
	at utils.Reporter.reportStep(Reporter.java:43)
	at wrappers.GenericWrappers.takeSnap(GenericWrappers.java:579)
	at utils.Reporter.reportStep(Reporter.java:20)
	at utils.Reporter.reportStep(Reporter.java:43)
	at wrappers.GenericWrappers.takeSnap(GenericWrappers.java:579)
	at utils.Reporter.reportStep(Reporter.java:20)
	at utils.Reporter.reportStep(Reporter.java:43)
	at wrappers.GenericWrappers.takeSnap(GenericWrappers.java:579)
	at utils.Reporter.reportStep(Reporter.java:20)
	at utils.Reporter.reportStep(Reporter.java:43)
	at wrappers.GenericWrappers.takeSnap(GenericWrappers.java:579)
	at utils.Reporter.reportStep(Reporter.java:20)
	at utils.Reporter.reportStep(Reporter.java:43)
	at wrappers.GenericWrappers.takeSnap(GenericWrappers.java:579)
	at utils.Reporter.reportStep(Reporter.java:20)
	at utils.Reporter.reportStep(Reporter.java:43)
	at wrappers.GenericWrappers.takeSnap(GenericWrappers.java:579)
	at utils.Reporter.reportStep(Reporter.java:20)
	at utils.Reporter.reportStep(Reporter.java:43)
	at wrappers.GenericWrappers.takeSnap(GenericWrappers.java:579)
	at utils.Reporter.reportStep(Reporter.java:20)
	at utils.Reporter.reportStep(Reporter.java:43)
	at wrappers.GenericWrappers.takeSnap(GenericWrappers.java:579)
	at utils.Reporter.reportStep(Reporter.java:20)
	at utils.Reporter.reportStep(Reporter.java:43)
	at wrappers.GenericWrappers.takeSnap(GenericWrappers.java:579)
	at utils.Reporter.reportStep(Reporter.java:20)
	at utils.Reporter.reportStep(Reporter.java:43)
	at wrappers.GenericWrappers.takeSnap(GenericWrappers.java:579)
	at utils.Reporter.reportStep(Reporter.java:20)
	at utils.Reporter.reportStep(Reporter.java:43)
	at wrappers.GenericWrappers.takeSnap(GenericWrappers.java:579)
	at utils.Reporter.reportStep(Reporter.java:20)
	at utils.Reporter.reportStep(Reporter.java:43)
	at wrappers.GenericWrappers.takeSnap(GenericWrappers.java:579)
	at utils.Reporter.reportStep(Reporter.java:20)
	at utils.Reporter.reportStep(Reporter.java:43)
	at wrappers.GenericWrappers.takeSnap(GenericWrappers.java:579)
	at utils.Reporter.reportStep(Reporter.java:20)
	at utils.Reporter.reportStep(Reporter.java:43)
	at wrappers.GenericWrappers.takeSnap(GenericWrappers.java:579)
	at utils.Reporter.reportStep(Reporter.java:20)
	at utils.Reporter.reportStep(Reporter.java:43)
	at wrappers.GenericWrappers.takeSnap(GenericWrappers.java:579)
	at utils.Reporter.reportStep(Reporter.java:20)
	at utils.Reporter.reportStep(Reporter.java:43)
	at wrappers.GenericWrappers.takeSnap(GenericWrappers.java:579)
	at utils.Reporter.reportStep(Reporter.java:20)
	at utils.Reporter.reportStep(Reporter.java:43)
	at wrappers.GenericWrappers.takeSnap(GenericWrappers.java:579)
	at utils.Reporter.reportStep(Reporter.java:20)
	at utils.Reporter.reportStep(Reporter.java:43)
	at wrappers.GenericWrappers.takeSnap(GenericWrappers.java:579)
	at utils.Reporter.reportStep(Reporter.java:20)
	at utils.Reporter.reportStep(Reporter.java:43)
	at wrappers.GenericWrappers.takeSnap(GenericWrappers.java:579)
	at utils.Reporter.reportStep(Reporter.java:20)
	at utils.Reporter.reportStep(Reporter.java:43)
	at wrappers.GenericWrappers.takeSnap(GenericWrappers.java:579)
	at utils.Reporter.reportStep(Reporter.java:20)
	at utils.Reporter.reportStep(Reporter.java:43)
	at wrappers.GenericWrappers.takeSnap(GenericWrappers.java:579)
	at utils.Reporter.reportStep(Reporter.java:20)
	at utils.Reporter.reportStep(Reporter.java:43)
	at wrappers.GenericWrappers.takeSnap(GenericWrappers.java:579)
	at utils.Reporter.reportStep(Reporter.java:20)
	at utils.Reporter.reportStep(Reporter.java:43)
	at wrappers.GenericWrappers.takeSnap(GenericWrappers.java:579)
	at utils.Reporter.reportStep(Reporter.java:20)
	at utils.Reporter.reportStep(Reporter.java:43)
	at wrappers.GenericWrappers.takeSnap(GenericWrappers.java:579)
	at utils.Reporter.reportStep(Reporter.java:20)
	at utils.Reporter.reportStep(Reporter.java:43)
	at wrappers.GenericWrappers.takeSnap(GenericWrappers.java:579)
	at utils.Reporter.reportStep(Reporter.java:20)
	at utils.Reporter.reportStep(Reporter.java:43)
	at wrappers.GenericWrappers.takeSnap(GenericWrappers.java:579)
	at utils.Reporter.reportStep(Reporter.java:20)
	at utils.Reporter.reportStep(Reporter.java:43)
	at wrappers.GenericWrappers.takeSnap(GenericWrappers.java:579)
	at utils.Reporter.reportStep(Reporter.java:20)
	at utils.Reporter.reportStep(Reporter.java:43)
	at wrappers.GenericWrappers.takeSnap(GenericWrappers.java:579)
	at utils.Reporter.reportStep(Reporter.java:20)
	at utils.Reporter.reportStep(Reporter.java:43)
	at wrappers.GenericWrappers.takeSnap(GenericWrappers.java:579)
	at utils.Reporter.reportStep(Reporter.java:20)
	at utils.Reporter.reportStep(Reporter.java:43)
	at wrappers.GenericWrappers.takeSnap(GenericWrappers.java:579)
	at utils.Reporter.reportStep(Reporter.java:20)
	at utils.Reporter.reportStep(Reporter.java:43)
	at wrappers.GenericWrappers.takeSnap(GenericWrappers.java:579)
	at utils.Reporter.reportStep(Reporter.java:20)
	at utils.Reporter.reportStep(Reporter.java:43)
	at wrappers.GenericWrappers.takeSnap(GenericWrappers.java:579)
	at utils.Reporter.reportStep(Reporter.java:20)
	at utils.Reporter.reportStep(Reporter.java:43)
	at wrappers.GenericWrappers.takeSnap(GenericWrappers.java:579)
	at utils.Reporter.reportStep(Reporter.java:20)
	at utils.Reporter.reportStep(Reporter.java:43)
	at wrappers.GenericWrappers.takeSnap(GenericWrappers.java:579)
	at utils.Reporter.reportStep(Reporter.java:20)
	at utils.Reporter.reportStep(Reporter.java:43)
	at wrappers.GenericWrappers.takeSnap(GenericWrappers.java:579)
	at utils.Reporter.reportStep(Reporter.java:20)
	at utils.Reporter.reportStep(Reporter.java:43)
	at wrappers.GenericWrappers.takeSnap(GenericWrappers.java:579)
	at utils.Reporter.reportStep(Reporter.java:20)
	at utils.Reporter.reportStep(Reporter.java:43)
	at wrappers.GenericWrappers.takeSnap(GenericWrappers.java:579)
	at utils.Reporter.reportStep(Reporter.java:20)
	at utils.Reporter.reportStep(Reporter.java:43)
	at wrappers.GenericWrappers.takeSnap(GenericWrappers.java:579)
	at utils.Reporter.reportStep(Reporter.java:20)
	at utils.Reporter.reportStep(Reporter.java:43)
	at wrappers.GenericWrappers.takeSnap(GenericWrappers.java:579)
	at utils.Reporter.reportStep(Reporter.java:20)
	at utils.Reporter.reportStep(Reporter.java:43)
	at wrappers.GenericWrappers.takeSnap(GenericWrappers.java:579)
	at utils.Reporter.reportStep(Reporter.java:20)
	at utils.Reporter.reportStep(Reporter.java:43)
	at wrappers.GenericWrappers.takeSnap(GenericWrappers.java:579)
	at utils.Reporter.reportStep(Reporter.java:20)
	at utils.Reporter.reportStep(Reporter.java:43)
	at wrappers.GenericWrappers.takeSnap(GenericWrappers.java:579)
	at utils.Reporter.reportStep(Reporter.java:20)
	at utils.Reporter.reportStep(Reporter.java:43)
	at wrappers.GenericWrappers.takeSnap(GenericWrappers.java:579)
	at utils.Reporter.reportStep(Reporter.java:20)
	at utils.Reporter.reportStep(Reporter.java:43)
	at wrappers.GenericWrappers.takeSnap(GenericWrappers.java:579)
	at utils.Reporter.reportStep(Reporter.java:20)
	at utils.Reporter.reportStep(Reporter.java:43)
	at wrappers.GenericWrappers.takeSnap(GenericWrappers.java:579)
	at utils.Reporter.reportStep(Reporter.java:20)
	at utils.Reporter.reportStep(Reporter.java:43)
	at wrappers.GenericWrappers.takeSnap(GenericWrappers.java:579)
	at utils.Reporter.reportStep(Reporter.java:20)
	at utils.Reporter.reportStep(Reporter.java:43)
	at wrappers.GenericWrappers.takeSnap(GenericWrappers.java:579)
	at utils.Reporter.reportStep(Reporter.java:20)
	at utils.Reporter.reportStep(Reporter.java:43)
	at wrappers.GenericWrappers.takeSnap(GenericWrappers.java:579)
	at utils.Reporter.reportStep(Reporter.java:20)
	at utils.Reporter.reportStep(Reporter.java:43)
	at wrappers.GenericWrappers.takeSnap(GenericWrappers.java:579)
	at utils.Reporter.reportStep(Reporter.java:20)
	at utils.Reporter.reportStep(Reporter.java:43)
	at wrappers.GenericWrappers.takeSnap(GenericWrappers.java:579)
	at utils.Reporter.reportStep(Reporter.java:20)
	at utils.Reporter.reportStep(Reporter.java:43)
	at wrappers.GenericWrappers.takeSnap(GenericWrappers.java:579)
	at utils.Reporter.reportStep(Reporter.java:20)
	at utils.Reporter.reportStep(Reporter.java:43)
	at wrappers.GenericWrappers.takeSnap(GenericWrappers.java:579)
	at utils.Reporter.reportStep(Reporter.java:20)
	at utils.Reporter.reportStep(Reporter.java:43)
	at wrappers.GenericWrappers.takeSnap(GenericWrappers.java:579)
	at utils.Reporter.reportStep(Reporter.java:20)
	at utils.Reporter.reportStep(Reporter.java:43)
	at wrappers.GenericWrappers.takeSnap(GenericWrappers.java:579)
	at utils.Reporter.reportStep(Reporter.java:20)
	at utils.Reporter.reportStep(Reporter.java:43)
	at wrappers.GenericWrappers.takeSnap(GenericWrappers.java:579)
	at utils.Reporter.reportStep(Reporter.java:20)
	at utils.Reporter.reportStep(Reporter.java:43)
	at wrappers.GenericWrappers.takeSnap(GenericWrappers.java:579)
	at utils.Reporter.reportStep(Reporter.java:20)
	at utils.Reporter.reportStep(Reporter.java:43)
	at wrappers.GenericWrappers.takeSnap(GenericWrappers.java:579)
	at utils.Reporter.reportStep(Reporter.java:20)
	at utils.Reporter.reportStep(Reporter.java:43)
	at wrappers.GenericWrappers.takeSnap(GenericWrappers.java:579)
	at utils.Reporter.reportStep(Reporter.java:20)
	at utils.Reporter.reportStep(Reporter.java:43)
	at wrappers.GenericWrappers.takeSnap(GenericWrappers.java:579)
	at utils.Reporter.reportStep(Reporter.java:20)
	at utils.Reporter.reportStep(Reporter.java:43)
	at wrappers.GenericWrappers.takeSnap(GenericWrappers.java:579)
	at utils.Reporter.reportStep(Reporter.java:20)
	at utils.Reporter.reportStep(Reporter.java:43)
	at wrappers.GenericWrappers.takeSnap(GenericWrappers.java:579)
	at utils.Reporter.reportStep(Reporter.java:20)
	at utils.Reporter.reportStep(Reporter.java:43)
	at wrappers.GenericWrappers.takeSnap(GenericWrappers.java:579)
	at utils.Reporter.reportStep(Reporter.java:20)
	at utils.Reporter.reportStep(Reporter.java:43)
	at wrappers.GenericWrappers.takeSnap(GenericWrappers.java:579)
	at utils.Reporter.reportStep(Reporter.java:20)
	at utils.Reporter.reportStep(Reporter.java:43)
	at wrappers.GenericWrappers.takeSnap(GenericWrappers.java:579)
	at utils.Reporter.reportStep(Reporter.java:20)
	at utils.Reporter.reportStep(Reporter.java:43)
	at wrappers.GenericWrappers.takeSnap(GenericWrappers.java:579)
	at utils.Reporter.reportStep(Reporter.java:20)
	at utils.Reporter.reportStep(Reporter.java:43)
	at wrappers.GenericWrappers.takeSnap(GenericWrappers.java:579)
	at utils.Reporter.reportStep(Reporter.java:20)
	at utils.Reporter.reportStep(Reporter.java:43)
	at wrappers.GenericWrappers.takeSnap(GenericWrappers.java:579)
	at utils.Reporter.reportStep(Reporter.java:20)
	at utils.Reporter.reportStep(Reporter.java:43)
	at wrappers.GenericWrappers.takeSnap(GenericWrappers.java:579)
	at utils.Reporter.reportStep(Reporter.java:20)
	at utils.Reporter.reportStep(Reporter.java:43)
	at wrappers.GenericWrappers.takeSnap(GenericWrappers.java:579)
	at utils.Reporter.reportStep(Reporter.java:20)
	at utils.Reporter.reportStep(Reporter.java:43)
	at wrappers.GenericWrappers.takeSnap(GenericWrappers.java:579)
	at utils.Reporter.reportStep(Reporter.java:20)
	at utils.Reporter.reportStep(Reporter.java:43)
	at wrappers.GenericWrappers.takeSnap(GenericWrappers.java:579)
	at utils.Reporter.reportStep(Reporter.java:20)
	at utils.Reporter.reportStep(Reporter.java:43)
	at wrappers.GenericWrappers.takeSnap(GenericWrappers.java:579)
	at utils.Reporter.reportStep(Reporter.java:20)
	at utils.Reporter.reportStep(Reporter.java:43)
	at wrappers.GenericWrappers.takeSnap(GenericWrappers.java:579)
	at utils.Reporter.reportStep(Reporter.java:20)
	at utils.Reporter.reportStep(Reporter.java:43)
	at wrappers.GenericWrappers.takeSnap(GenericWrappers.java:579)
	at utils.Reporter.reportStep(Reporter.java:20)
	at utils.Reporter.reportStep(Reporter.java:43)
	at wrappers.GenericWrappers.takeSnap(GenericWrappers.java:579)
	at utils.Reporter.reportStep(Reporter.java:20)
	at utils.Reporter.reportStep(Reporter.java:43)
	at wrappers.GenericWrappers.takeSnap(GenericWrappers.java:579)
	at utils.Reporter.reportStep(Reporter.java:20)
	at utils.Reporter.reportStep(Reporter.java:43)
	at wrappers.GenericWrappers.takeSnap(GenericWrappers.java:579)
	at utils.Reporter.reportStep(Reporter.java:20)
	at utils.Reporter.reportStep(Reporter.java:43)
	at wrappers.GenericWrappers.takeSnap(GenericWrappers.java:579)
	at utils.Reporter.reportStep(Reporter.java:20)
	at utils.Reporter.reportStep(Reporter.java:43)
	at wrappers.GenericWrappers.takeSnap(GenericWrappers.java:579)
	at utils.Reporter.reportStep(Reporter.java:20)
	at utils.Reporter.reportStep(Reporter.java:43)
	at wrappers.GenericWrappers.takeSnap(GenericWrappers.java:579)
	at utils.Reporter.reportStep(Reporter.java:20)
	at utils.Reporter.reportStep(Reporter.java:43)
	at wrappers.GenericWrappers.takeSnap(GenericWrappers.java:579)
	at utils.Reporter.reportStep(Reporter.java:20)
	at utils.Reporter.reportStep(Reporter.java:43)
	at wrappers.GenericWrappers.takeSnap(GenericWrappers.java:579)
	at utils.Reporter.reportStep(Reporter.java:20)
	at utils.Reporter.reportStep(Reporter.java:43)
	at wrappers.GenericWrappers.takeSnap(GenericWrappers.java:579)
	at utils.Reporter.reportStep(Reporter.java:20)
	at utils.Reporter.reportStep(Reporter.java:43)
	at wrappers.GenericWrappers.takeSnap(GenericWrappers.java:579)
	at utils.Reporter.reportStep(Reporter.java:20)
	at utils.Reporter.reportStep(Reporter.java:43)
	at wrappers.GenericWrappers.takeSnap(GenericWrappers.java:579)
	at utils.Reporter.reportStep(Reporter.java:20)
	at utils.Reporter.reportStep(Reporter.java:43)
	at wrappers.GenericWrappers.takeSnap(GenericWrappers.java:579)
	at utils.Reporter.reportStep(Reporter.java:20)
	at utils.Reporter.reportStep(Reporter.java:43)
	at wrappers.GenericWrappers.takeSnap(GenericWrappers.java:579)
	at utils.Reporter.reportStep(Reporter.java:20)
	at utils.Reporter.reportStep(Reporter.java:43)
	at wrappers.GenericWrappers.takeSnap(GenericWrappers.java:579)
	at utils.Reporter.reportStep(Reporter.java:20)
	at utils.Reporter.reportStep(Reporter.java:43)
	at wrappers.GenericWrappers.takeSnap(GenericWrappers.java:579)
	at utils.Reporter.reportStep(Reporter.java:20)
	at utils.Reporter.reportStep(Reporter.java:43)
	at wrappers.GenericWrappers.takeSnap(GenericWrappers.java:579)
	at utils.Reporter.reportStep(Reporter.java:20)
	at utils.Reporter.reportStep(Reporter.java:43)
	at wrappers.GenericWrappers.takeSnap(GenericWrappers.java:579)
	at utils.Reporter.reportStep(Reporter.java:20)
	at utils.Reporter.reportStep(Reporter.java:43)
	at wrappers.GenericWrappers.takeSnap(GenericWrappers.java:579)
	at utils.Reporter.reportStep(Reporter.java:20)
	at utils.Reporter.reportStep(Reporter.java:43)
	at wrappers.GenericWrappers.takeSnap(GenericWrappers.java:579)
	at utils.Reporter.reportStep(Reporter.java:20)
	at utils.Reporter.reportStep(Reporter.java:43)
	at wrappers.GenericWrappers.takeSnap(GenericWrappers.java:579)
	at utils.Reporter.reportStep(Reporter.java:20)
	at utils.Reporter.reportStep(Reporter.java:43)
	at wrappers.GenericWrappers.takeSnap(GenericWrappers.java:579)
	at utils.Reporter.reportStep(Reporter.java:20)
	at utils.Reporter.reportStep(Reporter.java:43)
	at wrappers.GenericWrappers.takeSnap(GenericWrappers.java:579)
	at utils.Reporter.reportStep(Reporter.java:20)
	at utils.Reporter.reportStep(Reporter.java:43)
	at wrappers.GenericWrappers.takeSnap(GenericWrappers.java:579)
	at utils.Reporter.reportStep(Reporter.java:20)
	at utils.Reporter.reportStep(Reporter.java:43)
	at wrappers.GenericWrappers.takeSnap(GenericWrappers.java:579)
	at utils.Reporter.reportStep(Reporter.java:20)
	at utils.Reporter.reportStep(Reporter.java:43)
	at wrappers.GenericWrappers.takeSnap(GenericWrappers.java:579)
	at utils.Reporter.reportStep(Reporter.java:20)
	at utils.Reporter.reportStep(Reporter.java:43)
	at wrappers.GenericWrappers.takeSnap(GenericWrappers.java:579)
	at utils.Reporter.reportStep(Reporter.java:20)
	at utils.Reporter.reportStep(Reporter.java:43)
	at wrappers.GenericWrappers.takeSnap(GenericWrappers.java:579)
	at utils.Reporter.reportStep(Reporter.java:20)
	at utils.Reporter.reportStep(Reporter.java:43)
	at wrappers.GenericWrappers.takeSnap(GenericWrappers.java:579)
	at utils.Reporter.reportStep(Reporter.java:20)
	at utils.Reporter.reportStep(Reporter.java:43)
	at wrappers.GenericWrappers.takeSnap(GenericWrappers.java:579)
	at utils.Reporter.reportStep(Reporter.java:20)
	at utils.Reporter.reportStep(Reporter.java:43)
	at wrappers.GenericWrappers.takeSnap(GenericWrappers.java:579)
	at utils.Reporter.reportStep(Reporter.java:20)
	at utils.Reporter.reportStep(Reporter.java:43)
	at wrappers.GenericWrappers.takeSnap(GenericWrappers.java:579)
	at utils.Reporter.reportStep(Reporter.java:20)
	at utils.Reporter.reportStep(Reporter.java:43)
	at wrappers.GenericWrappers.takeSnap(GenericWrappers.java:579)
	at utils.Reporter.reportStep(Reporter.java:20)
	at utils.Reporter.reportStep(Reporter.java:43)
	at wrappers.GenericWrappers.takeSnap(GenericWrappers.java:579)
	at utils.Reporter.reportStep(Reporter.java:20)
	at utils.Reporter.reportStep(Reporter.java:43)
	at wrappers.GenericWrappers.takeSnap(GenericWrappers.java:579)
	at utils.Reporter.reportStep(Reporter.java:20)
	at utils.Reporter.reportStep(Reporter.java:43)
	at wrappers.GenericWrappers.takeSnap(GenericWrappers.java:579)
	at utils.Reporter.reportStep(Reporter.java:20)
	at utils.Reporter.reportStep(Reporter.java:43)
	at wrappers.GenericWrappers.takeSnap(GenericWrappers.java:579)
	at utils.Reporter.reportStep(Reporter.java:20)
	at utils.Reporter.reportStep(Reporter.java:43)
	at wrappers.GenericWrappers.takeSnap(GenericWrappers.java:579)
	at utils.Reporter.reportStep(Reporter.java:20)
	at utils.Reporter.reportStep(Reporter.java:43)
	at wrappers.GenericWrappers.takeSnap(GenericWrappers.java:579)
	at utils.Reporter.reportStep(Reporter.java:20)
	at utils.Reporter.reportStep(Reporter.java:43)
	at wrappers.GenericWrappers.takeSnap(GenericWrappers.java:579)
	at utils.Reporter.reportStep(Reporter.java:20)
	at utils.Reporter.reportStep(Reporter.java:43)
	at wrappers.GenericWrappers.takeSnap(GenericWrappers.java:579)
	at utils.Reporter.reportStep(Reporter.java:20)
	at utils.Reporter.reportStep(Reporter.java:43)
	at wrappers.GenericWrappers.takeSnap(GenericWrappers.java:579)
	at utils.Reporter.reportStep(Reporter.java:20)
	at utils.Reporter.reportStep(Reporter.java:43)
	at wrappers.GenericWrappers.takeSnap(GenericWrappers.java:579)
	at utils.Reporter.reportStep(Reporter.java:20)
	at utils.Reporter.reportStep(Reporter.java:43)
	at wrappers.GenericWrappers.takeSnap(GenericWrappers.java:579)
	at utils.Reporter.reportStep(Reporter.java:20)
	at utils.Reporter.reportStep(Reporter.java:43)
	at wrappers.GenericWrappers.takeSnap(GenericWrappers.java:579)
	at utils.Reporter.reportStep(Reporter.java:20)
	at utils.Reporter.reportStep(Reporter.java:43)
	at wrappers.GenericWrappers.takeSnap(GenericWrappers.java:579)
	at utils.Reporter.reportStep(Reporter.java:20)
	at utils.Reporter.reportStep(Reporter.java:43)
	at wrappers.GenericWrappers.takeSnap(GenericWrappers.java:579)
	at utils.Reporter.reportStep(Reporter.java:20)
	at utils.Reporter.reportStep(Reporter.java:43)
	at wrappers.GenericWrappers.takeSnap(GenericWrappers.java:579)
	at utils.Reporter.reportStep(Reporter.java:20)
	at utils.Reporter.reportStep(Reporter.java:43)
	at wrappers.GenericWrappers.takeSnap(GenericWrappers.java:579)
	at utils.Reporter.reportStep(Reporter.java:20)
	at utils.Reporter.reportStep(Reporter.java:43)
	at wrappers.GenericWrappers.takeSnap(GenericWrappers.java:579)
	at utils.Reporter.reportStep(Reporter.java:20)
	at utils.Reporter.reportStep(Reporter.java:43)
	at wrappers.GenericWrappers.takeSnap(GenericWrappers.java:579)
	at utils.Reporter.reportStep(Reporter.java:20)
	at utils.Reporter.reportStep(Reporter.java:43)
	at wrappers.GenericWrappers.takeSnap(GenericWrappers.java:579)
	at utils.Reporter.reportStep(Reporter.java:20)
	at utils.Reporter.reportStep(Reporter.java:43)
	at wrappers.GenericWrappers.takeSnap(GenericWrappers.java:579)
	at utils.Reporter.reportStep(Reporter.java:20)
	at utils.Reporter.reportStep(Reporter.java:43)
	at wrappers.GenericWrappers.takeSnap(GenericWrappers.java:579)
	at utils.Reporter.reportStep(Reporter.java:20)
	at utils.Reporter.reportStep(Reporter.java:43)
	at wrappers.GenericWrappers.takeSnap(GenericWrappers.java:579)
	at utils.Reporter.reportStep(Reporter.java:20)
	at utils.Reporter.reportStep(Reporter.java:43)
	at wrappers.GenericWrappers.takeSnap(GenericWrappers.java:579)
	at utils.Reporter.reportStep(Reporter.java:20)
	at utils.Reporter.reportStep(Reporter.java:43)
	at wrappers.GenericWrappers.takeSnap(GenericWrappers.java:579)
	at utils.Reporter.reportStep(Reporter.java:20)
	at utils.Reporter.reportStep(Reporter.java:43)
	at wrappers.GenericWrappers.takeSnap(GenericWrappers.java:579)
	at utils.Reporter.reportStep(Reporter.java:20)
	at utils.Reporter.reportStep(Reporter.java:43)
	at wrappers.GenericWrappers.takeSnap(GenericWrappers.java:579)
	at utils.Reporter.reportStep(Reporter.java:20)
	at utils.Reporter.reportStep(Reporter.java:43)
	at wrappers.GenericWrappers.takeSnap(GenericWrappers.java:579)
	at utils.Reporter.reportStep(Reporter.java:20)
	at utils.Reporter.reportStep(Reporter.java:43)
	at wrappers.GenericWrappers.takeSnap(GenericWrappers.java:579)
	at utils.Reporter.reportStep(Reporter.java:20)
	at utils.Reporter.reportStep(Reporter.java:43)
	at wrappers.GenericWrappers.takeSnap(GenericWrappers.java:579)
	at utils.Reporter.reportStep(Reporter.java:20)
	at utils.Reporter.reportStep(Reporter.java:43)
	at wrappers.GenericWrappers.takeSnap(GenericWrappers.java:579)
	at utils.Reporter.reportStep(Reporter.java:20)
	at utils.Reporter.reportStep(Reporter.java:43)
	at wrappers.GenericWrappers.takeSnap(GenericWrappers.java:579)
	at utils.Reporter.reportStep(Reporter.java:20)
	at utils.Reporter.reportStep(Reporter.java:43)
	at wrappers.GenericWrappers.takeSnap(GenericWrappers.java:579)
	at utils.Reporter.reportStep(Reporter.java:20)
	at utils.Reporter.reportStep(Reporter.java:43)
	at wrappers.GenericWrappers.takeSnap(GenericWrappers.java:579)
	at utils.Reporter.reportStep(Reporter.java:20)
	at utils.Reporter.reportStep(Reporter.java:43)
	at wrappers.GenericWrappers.takeSnap(GenericWrappers.java:579)
	at utils.Reporter.reportStep(Reporter.java:20)
	at utils.Reporter.reportStep(Reporter.java:43)
	at wrappers.GenericWrappers.takeSnap(GenericWrappers.java:579)
	at utils.Reporter.reportStep(Reporter.java:20)
	at utils.Reporter.reportStep(Reporter.java:43)
	at wrappers.GenericWrappers.takeSnap(GenericWrappers.java:579)
	at utils.Reporter.reportStep(Reporter.java:20)
	at utils.Reporter.reportStep(Reporter.java:43)
	at wrappers.GenericWrappers.takeSnap(GenericWrappers.java:579)
	at utils.Reporter.reportStep(Reporter.java:20)
	at utils.Reporter.reportStep(Reporter.java:43)
	at wrappers.GenericWrappers.takeSnap(GenericWrappers.java:579)
	at utils.Reporter.reportStep(Reporter.java:20)
	at utils.Reporter.reportStep(Reporter.java:43)
	at wrappers.GenericWrappers.takeSnap(GenericWrappers.java:579)
	at utils.Reporter.reportStep(Reporter.java:20)
	at utils.Reporter.reportStep(Reporter.java:43)
	at wrappers.GenericWrappers.takeSnap(GenericWrappers.java:579)
	at utils.Reporter.reportStep(Reporter.java:20)
	at utils.Reporter.reportStep(Reporter.java:43)
	at wrappers.GenericWrappers.takeSnap(GenericWrappers.java:579)
	at utils.Reporter.reportStep(Reporter.java:20)
	at utils.Reporter.reportStep(Reporter.java:43)
	at wrappers.GenericWrappers.takeSnap(GenericWrappers.java:579)
	at utils.Reporter.reportStep(Reporter.java:20)
	at utils.Reporter.reportStep(Reporter.java:43)
	at wrappers.GenericWrappers.takeSnap(GenericWrappers.java:579)
	at utils.Reporter.reportStep(Reporter.java:20)
	at utils.Reporter.reportStep(Reporter.java:43)
	at wrappers.GenericWrappers.takeSnap(GenericWrappers.java:579)
	at utils.Reporter.reportStep(Reporter.java:20)
	at utils.Reporter.reportStep(Reporter.java:43)
	at wrappers.GenericWrappers.takeSnap(GenericWrappers.java:579)
	at utils.Reporter.reportStep(Reporter.java:20)
	at utils.Reporter.reportStep(Reporter.java:43)
	at wrappers.GenericWrappers.takeSnap(GenericWrappers.java:579)
	at utils.Reporter.reportStep(Reporter.java:20)
	at utils.Reporter.reportStep(Reporter.java:43)
	at wrappers.GenericWrappers.takeSnap(GenericWrappers.java:579)
	at utils.Reporter.reportStep(Reporter.java:20)
	at utils.Reporter.reportStep(Reporter.java:43)
	at wrappers.GenericWrappers.takeSnap(GenericWrappers.java:579)
	at utils.Reporter.reportStep(Reporter.java:20)
	at utils.Reporter.reportStep(Reporter.java:43)
	at wrappers.GenericWrappers.takeSnap(GenericWrappers.java:579)
	at utils.Reporter.reportStep(Reporter.java:20)
	at utils.Reporter.reportStep(Reporter.java:43)
	at wrappers.GenericWrappers.takeSnap(GenericWrappers.java:579)
	at utils.Reporter.reportStep(Reporter.java:20)
	at utils.Reporter.reportStep(Reporter.java:43)
	at wrappers.GenericWrappers.takeSnap(GenericWrappers.java:579)
	at utils.Reporter.reportStep(Reporter.java:20)
	at utils.Reporter.reportStep(Reporter.java:43)
	at wrappers.GenericWrappers.takeSnap(GenericWrappers.java:579)
	at utils.Reporter.reportStep(Reporter.java:20)
	at utils.Reporter.reportStep(Reporter.java:43)
	at wrappers.GenericWrappers.takeSnap(GenericWrappers.java:579)
	at utils.Reporter.reportStep(Reporter.java:20)
	at utils.Reporter.reportStep(Reporter.java:43)
	at wrappers.GenericWrappers.takeSnap(GenericWrappers.java:579)
	at utils.Reporter.reportStep(Reporter.java:20)
	at utils.Reporter.reportStep(Reporter.java:43)
	at wrappers.GenericWrappers.takeSnap(GenericWrappers.java:579)
	at utils.Reporter.reportStep(Reporter.java:20)
	at utils.Reporter.reportStep(Reporter.java:43)
	at wrappers.GenericWrappers.takeSnap(GenericWrappers.java:579)
	at utils.Reporter.reportStep(Reporter.java:20)
	at utils.Reporter.reportStep(Reporter.java:43)
	at wrappers.GenericWrappers.takeSnap(GenericWrappers.java:579)
	at utils.Reporter.reportStep(Reporter.java:20)
	at utils.Reporter.reportStep(Reporter.java:43)
	at wrappers.GenericWrappers.takeSnap(GenericWrappers.java:579)
	at utils.Reporter.reportStep(Reporter.java:20)
	at utils.Reporter.reportStep(Reporter.java:43)
	at wrappers.GenericWrappers.takeSnap(GenericWrappers.java:579)
	at utils.Reporter.reportStep(Reporter.java:20)
	at utils.Reporter.reportStep(Reporter.java:43)
	at wrappers.GenericWrappers.takeSnap(GenericWrappers.java:579)
	at utils.Reporter.reportStep(Reporter.java:20)
	at utils.Reporter.reportStep(Reporter.java:43)
	at wrappers.GenericWrappers.takeSnap(GenericWrappers.java:579)
	at utils.Reporter.reportStep(Reporter.java:20)
	at utils.Reporter.reportStep(Reporter.java:43)
	at wrappers.GenericWrappers.takeSnap(GenericWrappers.java:579)
	at utils.Reporter.reportStep(Reporter.java:20)
	at utils.Reporter.reportStep(Reporter.java:43)
	at wrappers.GenericWrappers.takeSnap(GenericWrappers.java:579)
	at utils.Reporter.reportStep(Reporter.java:20)
	at utils.Reporter.reportStep(Reporter.java:43)
	at wrappers.GenericWrappers.takeSnap(GenericWrappers.java:579)
	at utils.Reporter.reportStep(Reporter.java:20)
	at utils.Reporter.reportStep(Reporter.java:43)
	at wrappers.GenericWrappers.takeSnap(GenericWrappers.java:579)
	at utils.Reporter.reportStep(Reporter.java:20)
	at utils.Reporter.reportStep(Reporter.java:43)
	at wrappers.GenericWrappers.takeSnap(GenericWrappers.java:579)
	at utils.Reporter.reportStep(Reporter.java:20)
	at utils.Reporter.reportStep(Reporter.java:43)
	at wrappers.GenericWrappers.takeSnap(GenericWrappers.java:579)
	at utils.Reporter.reportStep(Reporter.java:20)
	at utils.Reporter.reportStep(Reporter.java:43)
	at wrappers.GenericWrappers.takeSnap(GenericWrappers.java:579)
	at utils.Reporter.reportStep(Reporter.java:20)
	at utils.Reporter.reportStep(Reporter.java:43)
	at wrappers.GenericWrappers.takeSnap(GenericWrappers.java:579)
	at utils.Reporter.reportStep(Reporter.java:20)
	at utils.Reporter.reportStep(Reporter.java:43)
	at wrappers.GenericWrappers.takeSnap(GenericWrappers.java:579)
	at utils.Reporter.reportStep(Reporter.java:20)
	at utils.Reporter.reportStep(Reporter.java:43)
	at wrappers.GenericWrappers.takeSnap(GenericWrappers.java:579)
	at utils.Reporter.reportStep(Reporter.java:20)
	at utils.Reporter.reportStep(Reporter.java:43)
	at wrappers.GenericWrappers.takeSnap(GenericWrappers.java:579)
	at utils.Reporter.reportStep(Reporter.java:20)
	at utils.Reporter.reportStep(Reporter.java:43)
	at wrappers.GenericWrappers.takeSnap(GenericWrappers.java:579)
	at utils.Reporter.reportStep(Reporter.java:20)
	at utils.Reporter.reportStep(Reporter.java:43)
	at wrappers.GenericWrappers.takeSnap(GenericWrappers.java:579)
	at utils.Reporter.reportStep(Reporter.java:20)
	at utils.Reporter.reportStep(Reporter.java:43)
	at wrappers.GenericWrappers.takeSnap(GenericWrappers.java:579)
	at utils.Reporter.reportStep(Reporter.java:20)
	at utils.Reporter.reportStep(Reporter.java:43)
	at wrappers.GenericWrappers.takeSnap(GenericWrappers.java:579)
	at utils.Reporter.reportStep(Reporter.java:20)
	at utils.Reporter.reportStep(Reporter.java:43)
	at wrappers.GenericWrappers.takeSnap(GenericWrappers.java:579)
	at utils.Reporter.reportStep(Reporter.java:20)
	at utils.Reporter.reportStep(Reporter.java:43)
	at wrappers.GenericWrappers.takeSnap(GenericWrappers.java:579)
	at utils.Reporter.reportStep(Reporter.java:20)
	at utils.Reporter.reportStep(Reporter.java:43)
	at wrappers.GenericWrappers.takeSnap(GenericWrappers.java:579)
	at utils.Reporter.reportStep(Reporter.java:20)
	at utils.Reporter.reportStep(Reporter.java:43)
	at wrappers.GenericWrappers.takeSnap(GenericWrappers.java:579)
	at utils.Reporter.reportStep(Reporter.java:20)
	at utils.Reporter.reportStep(Reporter.java:43)
	at wrappers.GenericWrappers.takeSnap(GenericWrappers.java:579)
	at utils.Reporter.reportStep(Reporter.java:20)
	at utils.Reporter.reportStep(Reporter.java:43)
	at wrappers.GenericWrappers.takeSnap(GenericWrappers.java:579)
	at utils.Reporter.reportStep(Reporter.java:20)
	at utils.Reporter.reportStep(Reporter.java:43)
	at wrappers.GenericWrappers.takeSnap(GenericWrappers.java:579)
	at utils.Reporter.reportStep(Reporter.java:20)
	at utils.Reporter.reportStep(Reporter.java:43)
	at wrappers.GenericWrappers.takeSnap(GenericWrappers.java:579)
	at utils.Reporter.reportStep(Reporter.java:20)
	at utils.Reporter.reportStep(Reporter.java:43)
	at wrappers.GenericWrappers.takeSnap(GenericWrappers.java:579)
	at utils.Reporter.reportStep(Reporter.java:20)
	at utils.Reporter.reportStep(Reporter.java:43)
	at wrappers.GenericWrappers.takeSnap(GenericWrappers.java:579)
	at utils.Reporter.reportStep(Reporter.java:20)
	at utils.Reporter.reportStep(Reporter.java:43)
	at wrappers.GenericWrappers.takeSnap(GenericWrappers.java:579)
	at utils.Reporter.reportStep(Reporter.java:20)
	at utils.Reporter.reportStep(Reporter.java:43)
	at wrappers.GenericWrappers.takeSnap(GenericWrappers.java:579)
	at utils.Reporter.reportStep(Reporter.java:20)
	at utils.Reporter.reportStep(Reporter.java:43)
	at wrappers.GenericWrappers.takeSnap(GenericWrappers.java:579)
	at utils.Reporter.reportStep(Reporter.java:20)
	at utils.Reporter.reportStep(Reporter.java:43)
	at wrappers.GenericWrappers.takeSnap(GenericWrappers.java:579)
	at utils.Reporter.reportStep(Reporter.java:20)
	at utils.Reporter.reportStep(Reporter.java:43)
	at wrappers.GenericWrappers.takeSnap(GenericWrappers.java:579)
	at utils.Reporter.reportStep(Reporter.java:20)
	at utils.Reporter.reportStep(Reporter.java:43)
	at wrappers.GenericWrappers.takeSnap(GenericWrappers.java:579)
	at utils.Reporter.reportStep(Reporter.java:20)
	at utils.Reporter.reportStep(Reporter.java:43)
	at wrappers.GenericWrappers.takeSnap(GenericWrappers.java:579)
	at utils.Reporter.reportStep(Reporter.java:20)
	at utils.Reporter.reportStep(Reporter.java:43)
	at wrappers.GenericWrappers.takeSnap(GenericWrappers.java:579)
	at utils.Reporter.reportStep(Reporter.java:20)
	at utils.Reporter.reportStep(Reporter.java:43)
	at wrappers.GenericWrappers.takeSnap(GenericWrappers.java:579)
	at utils.Reporter.reportStep(Reporter.java:20)
	at utils.Reporter.reportStep(Reporter.java:43)
	at wrappers.GenericWrappers.takeSnap(GenericWrappers.java:579)
	at utils.Reporter.reportStep(Reporter.java:20)
	at utils.Reporter.reportStep(Reporter.java:43)
	at wrappers.GenericWrappers.takeSnap(GenericWrappers.java:579)
	at utils.Reporter.reportStep(Reporter.java:20)
	at utils.Reporter.reportStep(Reporter.java:43)
	at wrappers.GenericWrappers.takeSnap(GenericWrappers.java:579)
	at utils.Reporter.reportStep(Reporter.java:20)
	at utils.Reporter.reportStep(Reporter.java:43)
	at wrappers.GenericWrappers.takeSnap(GenericWrappers.java:579)
	at utils.Reporter.reportStep(Reporter.java:20)
	at utils.Reporter.reportStep(Reporter.java:43)
	at wrappers.GenericWrappers.takeSnap(GenericWrappers.java:579)
	at utils.Reporter.reportStep(Reporter.java:20)
	at utils.Reporter.reportStep(Reporter.java:43)
	at wrappers.GenericWrappers.takeSnap(GenericWrappers.java:579)
	at utils.Reporter.reportStep(Reporter.java:20)
	at utils.Reporter.reportStep(Reporter.java:43)
	at wrappers.GenericWrappers.takeSnap(GenericWrappers.java:579)
	at utils.Reporter.reportStep(Reporter.java:20)
	at utils.Reporter.reportStep(Reporter.java:43)
	at wrappers.GenericWrappers.takeSnap(GenericWrappers.java:579)
	at utils.Reporter.reportStep(Reporter.java:20)
	at utils.Reporter.reportStep(Reporter.java:43)
	at wrappers.GenericWrappers.takeSnap(GenericWrappers.java:579)
	at utils.Reporter.reportStep(Reporter.java:20)
	at utils.Reporter.reportStep(Reporter.java:43)
	at wrappers.GenericWrappers.takeSnap(GenericWrappers.java:579)
	at utils.Reporter.reportStep(Reporter.java:20)
	at utils.Reporter.reportStep(Reporter.java:43)
	at wrappers.GenericWrappers.takeSnap(GenericWrappers.java:579)
	at utils.Reporter.reportStep(Reporter.java:20)
	at utils.Reporter.reportStep(Reporter.java:43)
	at wrappers.GenericWrappers.takeSnap(GenericWrappers.java:579)
	at utils.Reporter.reportStep(Reporter.java:20)
	at utils.Reporter.reportStep(Reporter.java:43)
	at wrappers.GenericWrappers.takeSnap(GenericWrappers.java:579)
	at utils.Reporter.reportStep(Reporter.java:20)
	at utils.Reporter.reportStep(Reporter.java:43)
	at wrappers.GenericWrappers.takeSnap(GenericWrappers.java:579)
	at utils.Reporter.reportStep(Reporter.java:20)
	at utils.Reporter.reportStep(Reporter.java:43)
	at wrappers.GenericWrappers.takeSnap(GenericWrappers.java:579)
	at utils.Reporter.reportStep(Reporter.java:20)
	at utils.Reporter.reportStep(Reporter.java:43)
	at wrappers.GenericWrappers.takeSnap(GenericWrappers.java:579)
	at utils.Reporter.reportStep(Reporter.java:20)
	at utils.Reporter.reportStep(Reporter.java:43)
	at wrappers.GenericWrappers.takeSnap(GenericWrappers.java:579)
	at utils.Reporter.reportStep(Reporter.java:20)
	at utils.Reporter.reportStep(Reporter.java:43)
	at wrappers.GenericWrappers.takeSnap(GenericWrappers.java:579)
	at utils.Reporter.reportStep(Reporter.java:20)
	at utils.Reporter.reportStep(Reporter.java:43)
	at wrappers.GenericWrappers.takeSnap(GenericWrappers.java:579)
	at utils.Reporter.reportStep(Reporter.java:20)
	at utils.Reporter.reportStep(Reporter.java:43)
	at wrappers.GenericWrappers.takeSnap(GenericWrappers.java:579)
	at utils.Reporter.reportStep(Reporter.java:20)
	at utils.Reporter.reportStep(Reporter.java:43)
	at wrappers.GenericWrappers.takeSnap(GenericWrappers.java:579)
	at utils.Reporter.reportStep(Reporter.java:20)
	at utils.Reporter.reportStep(Reporter.java:43)
	at wrappers.GenericWrappers.takeSnap(GenericWrappers.java:579)
	at utils.Reporter.reportStep(Reporter.java:20)
	at utils.Reporter.reportStep(Reporter.java:43)
	at wrappers.GenericWrappers.takeSnap(GenericWrappers.java:579)
	at utils.Reporter.reportStep(Reporter.java:20)
	at utils.Reporter.reportStep(Reporter.java:43)
	at wrappers.GenericWrappers.takeSnap(GenericWrappers.java:579)
	at utils.Reporter.reportStep(Reporter.java:20)
	at utils.Reporter.reportStep(Reporter.java:43)
	at wrappers.GenericWrappers.takeSnap(GenericWrappers.java:579)
	at utils.Reporter.reportStep(Reporter.java:20)
	at utils.Reporter.reportStep(Reporter.java:43)
	at wrappers.GenericWrappers.takeSnap(GenericWrappers.java:579)
	at utils.Reporter.reportStep(Reporter.java:20)
	at utils.Reporter.reportStep(Reporter.java:43)
	at wrappers.GenericWrappers.takeSnap(GenericWrappers.java:579)
	at utils.Reporter.reportStep(Reporter.java:20)
	at utils.Reporter.reportStep(Reporter.java:43)
	at wrappers.GenericWrappers.takeSnap(GenericWrappers.java:579)
	at utils.Reporter.reportStep(Reporter.java:20)
	at utils.Reporter.reportStep(Reporter.java:43)
	at wrappers.GenericWrappers.takeSnap(GenericWrappers.java:579)
	at utils.Reporter.reportStep(Reporter.java:20)
	at utils.Reporter.reportStep(Reporter.java:43)
	at wrappers.GenericWrappers.takeSnap(GenericWrappers.java:579)
	at utils.Reporter.reportStep(Reporter.java:20)
	at utils.Reporter.reportStep(Reporter.java:43)
	at wrappers.GenericWrappers.takeSnap(GenericWrappers.java:579)
	at utils.Reporter.reportStep(Reporter.java:20)
	at utils.Reporter.reportStep(Reporter.java:43)
	at wrappers.GenericWrappers.takeSnap(GenericWrappers.java:579)
	at utils.Reporter.reportStep(Reporter.java:20)
	at utils.Reporter.reportStep(Reporter.java:43)
	at wrappers.GenericWrappers.takeSnap(GenericWrappers.java:579)
	at utils.Reporter.reportStep(Reporter.java:20)
	at utils.Reporter.reportStep(Reporter.java:43)
	at wrappers.GenericWrappers.takeSnap(GenericWrappers.java:579)
	at utils.Reporter.reportStep(Reporter.java:20)
	at utils.Reporter.reportStep(Reporter.java:43)
	at wrappers.GenericWrappers.takeSnap(GenericWrappers.java:579)
	at utils.Reporter.reportStep(Reporter.java:20)
	at utils.Reporter.reportStep(Reporter.java:43)
	at wrappers.GenericWrappers.takeSnap(GenericWrappers.java:579)
	at utils.Reporter.reportStep(Reporter.java:20)
	at utils.Reporter.reportStep(Reporter.java:43)
	at wrappers.GenericWrappers.takeSnap(GenericWrappers.java:579)
	at utils.Reporter.reportStep(Reporter.java:20)
	at utils.Reporter.reportStep(Reporter.java:43)
	at wrappers.GenericWrappers.takeSnap(GenericWrappers.java:579)
	at utils.Reporter.reportStep(Reporter.java:20)
	at utils.Reporter.reportStep(Reporter.java:43)
	at wrappers.GenericWrappers.takeSnap(GenericWrappers.java:579)
	at utils.Reporter.reportStep(Reporter.java:20)
	at utils.Reporter.reportStep(Reporter.java:43)
	at wrappers.GenericWrappers.takeSnap(GenericWrappers.java:579)
	at utils.Reporter.reportStep(Reporter.java:20)
	at utils.Reporter.reportStep(Reporter.java:43)
	at wrappers.GenericWrappers.takeSnap(GenericWrappers.java:579)
	at utils.Reporter.reportStep(Reporter.java:20)
	at utils.Reporter.reportStep(Reporter.java:43)
	at wrappers.GenericWrappers.takeSnap(GenericWrappers.java:579)
	at utils.Reporter.reportStep(Reporter.java:20)
	at utils.Reporter.reportStep(Reporter.java:43)
	at wrappers.GenericWrappers.takeSnap(GenericWrappers.java:579)
	at utils.Reporter.reportStep(Reporter.java:20)
	at utils.Reporter.reportStep(Reporter.java:43)
	at wrappers.GenericWrappers.takeSnap(GenericWrappers.java:579)
	at utils.Reporter.reportStep(Reporter.java:20)
	at utils.Reporter.reportStep(Reporter.java:43)
	at wrappers.GenericWrappers.takeSnap(GenericWrappers.java:579)
	at utils.Reporter.reportStep(Reporter.java:20)
	at utils.Reporter.reportStep(Reporter.java:43)
	at wrappers.GenericWrappers.takeSnap(GenericWrappers.java:579)
	at utils.Reporter.reportStep(Reporter.java:20)
	at utils.Reporter.reportStep(Reporter.java:43)
	at wrappers.GenericWrappers.takeSnap(GenericWrappers.java:579)
	at utils.Reporter.reportStep(Reporter.java:20)
	at utils.Reporter.reportStep(Reporter.java:43)
	at wrappers.GenericWrappers.takeSnap(GenericWrappers.java:579)
	at utils.Reporter.reportStep(Reporter.java:20)
	at utils.Reporter.reportStep(Reporter.java:43)
	at wrappers.GenericWrappers.takeSnap(GenericWrappers.java:579)
	at utils.Reporter.reportStep(Reporter.java:20)
	at utils.Reporter.reportStep(Reporter.java:43)
	at wrappers.GenericWrappers.takeSnap(GenericWrappers.java:579)
	at utils.Reporter.reportStep(Reporter.java:20)
	at utils.Reporter.reportStep(Reporter.java:43)
	at wrappers.GenericWrappers.takeSnap(GenericWrappers.java:579)
	at utils.Reporter.reportStep(Reporter.java:20)
	at utils.Reporter.reportStep(Reporter.java:43)
	at wrappers.GenericWrappers.takeSnap(GenericWrappers.java:579)
	at utils.Reporter.reportStep(Reporter.java:20)
	at utils.Reporter.reportStep(Reporter.java:43)
	at wrappers.GenericWrappers.takeSnap(GenericWrappers.java:579)
	at utils.Reporter.reportStep(Reporter.java:20)
	at utils.Reporter.reportStep(Reporter.java:43)
	at wrappers.GenericWrappers.takeSnap(GenericWrappers.java:579)
	at utils.Reporter.reportStep(Reporter.java:20)
	at utils.Reporter.reportStep(Reporter.java:43)
	at wrappers.GenericWrappers.takeSnap(GenericWrappers.java:579)
	at utils.Reporter.reportStep(Reporter.java:20)
	at utils.Reporter.reportStep(Reporter.java:43)
	at wrappers.GenericWrappers.takeSnap(GenericWrappers.java:579)
	at utils.Reporter.reportStep(Reporter.java:20)
	at utils.Reporter.reportStep(Reporter.java:43)
	at wrappers.GenericWrappers.takeSnap(GenericWrappers.java:579)
	at utils.Reporter.reportStep(Reporter.java:20)
	at utils.Reporter.reportStep(Reporter.java:43)
	at wrappers.GenericWrappers.takeSnap(GenericWrappers.java:579)
	at utils.Reporter.reportStep(Reporter.java:20)
	at utils.Reporter.reportStep(Reporter.java:43)
	at wrappers.GenericWrappers.takeSnap(GenericWrappers.java:579)
	at utils.Reporter.reportStep(Reporter.java:20)
	at utils.Reporter.reportStep(Reporter.java:43)
	at wrappers.GenericWrappers.takeSnap(GenericWrappers.java:579)
	at utils.Reporter.reportStep(Reporter.java:20)
	at utils.Reporter.reportStep(Reporter.java:43)
	at wrappers.GenericWrappers.takeSnap(GenericWrappers.java:579)
	at utils.Reporter.reportStep(Reporter.java:20)
	at utils.Reporter.reportStep(Reporter.java:43)
	at wrappers.GenericWrappers.takeSnap(GenericWrappers.java:579)
	at utils.Reporter.reportStep(Reporter.java:20)
	at utils.Reporter.reportStep(Reporter.java:43)
	at wrappers.GenericWrappers.takeSnap(GenericWrappers.java:579)
	at utils.Reporter.reportStep(Reporter.java:20)
	at utils.Reporter.reportStep(Reporter.java:43)
	at wrappers.GenericWrappers.takeSnap(GenericWrappers.java:579)
	at utils.Reporter.reportStep(Reporter.java:20)
	at utils.Reporter.reportStep(Reporter.java:43)
	at wrappers.GenericWrappers.takeSnap(GenericWrappers.java:579)
	at utils.Reporter.reportStep(Reporter.java:20)
	at utils.Reporter.reportStep(Reporter.java:43)
	at wrappers.GenericWrappers.takeSnap(GenericWrappers.java:579)
	at utils.Reporter.reportStep(Reporter.java:20)
	at utils.Reporter.reportStep(Reporter.java:43)
	at wrappers.GenericWrappers.takeSnap(GenericWrappers.java:579)
	at utils.Reporter.reportStep(Reporter.java:20)
	at utils.Reporter.reportStep(Reporter.java:43)
	at wrappers.GenericWrappers.takeSnap(GenericWrappers.java:579)
	at utils.Reporter.reportStep(Reporter.java:20)
	at utils.Reporter.reportStep(Reporter.java:43)
	at wrappers.GenericWrappers.takeSnap(GenericWrappers.java:579)
	at utils.Reporter.reportStep(Reporter.java:20)
	at utils.Reporter.reportStep(Reporter.java:43)
	at wrappers.GenericWrappers.takeSnap(GenericWrappers.java:579)
	at utils.Reporter.reportStep(Reporter.java:20)
	at utils.Reporter.reportStep(Reporter.java:43)
	at wrappers.GenericWrappers.takeSnap(GenericWrappers.java:579)
	at utils.Reporter.reportStep(Reporter.java:20)
	at utils.Reporter.reportStep(Reporter.java:43)
	at wrappers.GenericWrappers.takeSnap(GenericWrappers.java:579)
	at utils.Reporter.reportStep(Reporter.java:20)
	at utils.Reporter.reportStep(Reporter.java:43)
	at wrappers.GenericWrappers.takeSnap(GenericWrappers.java:579)
	at utils.Reporter.reportStep(Reporter.java:20)
	at utils.Reporter.reportStep(Reporter.java:43)
	at wrappers.GenericWrappers.takeSnap(GenericWrappers.java:579)
	at utils.Reporter.reportStep(Reporter.java:20)
	at utils.Reporter.reportStep(Reporter.java:43)
	at wrappers.GenericWrappers.takeSnap(GenericWrappers.java:579)
	at utils.Reporter.reportStep(Reporter.java:20)
	at utils.Reporter.reportStep(Reporter.java:43)
	at wrappers.GenericWrappers.takeSnap(GenericWrappers.java:579)
	at utils.Reporter.reportStep(Reporter.java:20)
	at utils.Reporter.reportStep(Reporter.java:43)
	at wrappers.GenericWrappers.takeSnap(GenericWrappers.java:579)
	at utils.Reporter.reportStep(Reporter.java:20)
	at utils.Reporter.reportStep(Reporter.java:43)
	at wrappers.GenericWrappers.takeSnap(GenericWrappers.java:579)
	at utils.Reporter.reportStep(Reporter.java:20)
	at utils.Reporter.reportStep(Reporter.java:43)
	at wrappers.GenericWrappers.takeSnap(GenericWrappers.java:579)
	at utils.Reporter.reportStep(Reporter.java:20)
	at utils.Reporter.reportStep(Reporter.java:43)
	at wrappers.GenericWrappers.takeSnap(GenericWrappers.java:579)
	at utils.Reporter.reportStep(Reporter.java:20)
	at utils.Reporter.reportStep(Reporter.java:43)
	at wrappers.GenericWrappers.takeSnap(GenericWrappers.java:579)
	at utils.Reporter.reportStep(Reporter.java:20)
	at utils.Reporter.reportStep(Reporter.java:43)
	at wrappers.GenericWrappers.takeSnap(GenericWrappers.java:579)
	at utils.Reporter.reportStep(Reporter.java:20)
	at utils.Reporter.reportStep(Reporter.java:43)
	at wrappers.GenericWrappers.takeSnap(GenericWrappers.java:579)
	at utils.Reporter.reportStep(Reporter.java:20)
	at utils.Reporter.reportStep(Reporter.java:43)
	at wrappers.GenericWrappers.takeSnap(GenericWrappers.java:579)
	at utils.Reporter.reportStep(Reporter.java:20)
	at utils.Reporter.reportStep(Reporter.java:43)
	at wrappers.GenericWrappers.takeSnap(GenericWrappers.java:579)
	at utils.Reporter.reportStep(Reporter.java:20)
	at utils.Reporter.reportStep(Reporter.java:43)
	at wrappers.GenericWrappers.takeSnap(GenericWrappers.java:579)
	at utils.Reporter.reportStep(Reporter.java:20)
	at utils.Reporter.reportStep(Reporter.java:43)
	at wrappers.GenericWrappers.takeSnap(GenericWrappers.java:579)
	at utils.Reporter.reportStep(Reporter.java:20)
	at utils.Reporter.reportStep(Reporter.java:43)
	at wrappers.GenericWrappers.takeSnap(GenericWrappers.java:579)
	at utils.Reporter.reportStep(Reporter.java:20)
	at utils.Reporter.reportStep(Reporter.java:43)
	at wrappers.GenericWrappers.takeSnap(GenericWrappers.java:579)
	at utils.Reporter.reportStep(Reporter.java:20)
	at utils.Reporter.reportStep(Reporter.java:43)
	at wrappers.GenericWrappers.takeSnap(GenericWrappers.java:579)
	at utils.Reporter.reportStep(Reporter.java:20)
	at utils.Reporter.reportStep(Reporter.java:43)
	at wrappers.GenericWrappers.takeSnap(GenericWrappers.java:579)
	at utils.Reporter.reportStep(Reporter.java:20)
	at utils.Reporter.reportStep(Reporter.java:43)
	at wrappers.GenericWrappers.takeSnap(GenericWrappers.java:579)
	at utils.Reporter.reportStep(Reporter.java:20)
	at utils.Reporter.reportStep(Reporter.java:43)
	at wrappers.GenericWrappers.takeSnap(GenericWrappers.java:579)
	at utils.Reporter.reportStep(Reporter.java:20)
	at utils.Reporter.reportStep(Reporter.java:43)
	at wrappers.GenericWrappers.takeSnap(GenericWrappers.java:579)
	at utils.Reporter.reportStep(Reporter.java:20)
	at utils.Reporter.reportStep(Reporter.java:43)
	at wrappers.GenericWrappers.takeSnap(GenericWrappers.java:579)
	at utils.Reporter.reportStep(Reporter.java:20)
	at utils.Reporter.reportStep(Reporter.java:43)
]]>
    </failure>
  </testcase> <!-- loginLogOut -->
  <testcase name="loginLogOut" time="38.108" classname="testcases.TC003_ClickBySFRAlink"/>
</testsuite> <!-- Default test -->
